# JRE version: OpenJDK Runtime Environment (8.0_152-b01) (build 1.8.0_152-release-915-b01)
# Java VM: OpenJDK 64-Bit Server VM (25.152-b01 mixed mode linux-amd64 compressed oops)
Heap:
 PSYoungGen      total 305664K, used 289791K [0x00000000eab00000, 0x0000000100000000, 0x0000000100000000)
  eden space 262144K, 93% used [0x00000000eab00000,0x00000000f9b811d8,0x00000000fab00000)
  from space 43520K, 99% used [0x00000000fab00000,0x00000000fd57edc0,0x00000000fd580000)
  to   space 43520K, 0% used [0x00000000fd580000,0x00000000fd580000,0x0000000100000000)
 ParOldGen       total 142848K, used 69128K [0x00000000c0000000, 0x00000000c8b80000, 0x00000000eab00000)
  object space 142848K, 48% used [0x00000000c0000000,0x00000000c4382240,0x00000000c8b80000)
 Metaspace       used 78664K, capacity 81652K, committed 81812K, reserved 1120256K
  class space    used 9879K, capacity 10639K, committed 10684K, reserved 1048576K
GC Heap History (10 events):
Event: 9.015 GC heap before
{Heap before GC invocations=12 (full 2):
 PSYoungGen      total 264192K, used 50895K [0x00000000eab00000, 0x00000000ffe00000, 0x0000000100000000)
  eden space 238080K, 10% used [0x00000000eab00000,0x00000000ec3d7e80,0x00000000f9380000)
  from space 26112K, 97% used [0x00000000f9380000,0x00000000fac5be30,0x00000000fad00000)
  to   space 30208K, 0% used [0x00000000fe080000,0x00000000fe080000,0x00000000ffe00000)
 ParOldGen       total 98304K, used 33261K [0x00000000c0000000, 0x00000000c6000000, 0x00000000eab00000)
  object space 98304K, 33% used [0x00000000c0000000,0x00000000c207b5a0,0x00000000c6000000)
 Metaspace       used 57245K, capacity 58966K, committed 59028K, reserved 1099776K
  class space    used 7619K, capacity 8065K, committed 8124K, reserved 1048576K
Event: 9.034 GC heap after
Heap after GC invocations=12 (full 2):
 PSYoungGen      total 312832K, used 25533K [0x00000000eab00000, 0x0000000100000000, 0x0000000100000000)
  eden space 282624K, 0% used [0x00000000eab00000,0x00000000eab00000,0x00000000fbf00000)
  from space 30208K, 84% used [0x00000000fe080000,0x00000000ff96f470,0x00000000ffe00000)
  to   space 33280K, 0% used [0x00000000fbf00000,0x00000000fbf00000,0x00000000fdf80000)
 ParOldGen       total 98304K, used 33269K [0x00000000c0000000, 0x00000000c6000000, 0x00000000eab00000)
  object space 98304K, 33% used [0x00000000c0000000,0x00000000c207d5a0,0x00000000c6000000)
 Metaspace       used 57245K, capacity 58966K, committed 59028K, reserved 1099776K
  class space    used 7619K, capacity 8065K, committed 8124K, reserved 1048576K
}
Event: 9.034 GC heap before
{Heap before GC invocations=13 (full 3):
 PSYoungGen      total 312832K, used 25533K [0x00000000eab00000, 0x0000000100000000, 0x0000000100000000)
  eden space 282624K, 0% used [0x00000000eab00000,0x00000000eab00000,0x00000000fbf00000)
  from space 30208K, 84% used [0x00000000fe080000,0x00000000ff96f470,0x00000000ffe00000)
  to   space 33280K, 0% used [0x00000000fbf00000,0x00000000fbf00000,0x00000000fdf80000)
 ParOldGen       total 98304K, used 33269K [0x00000000c0000000, 0x00000000c6000000, 0x00000000eab00000)
  object space 98304K, 33% used [0x00000000c0000000,0x00000000c207d5a0,0x00000000c6000000)
 Metaspace       used 57245K, capacity 58966K, committed 59028K, reserved 1099776K
  class space    used 7619K, capacity 8065K, committed 8124K, reserved 1048576K
Event: 9.214 GC heap after
Heap after GC invocations=13 (full 3):
 PSYoungGen      total 312832K, used 0K [0x00000000eab00000, 0x0000000100000000, 0x0000000100000000)
  eden space 282624K, 0% used [0x00000000eab00000,0x00000000eab00000,0x00000000fbf00000)
  from space 30208K, 0% used [0x00000000fe080000,0x00000000fe080000,0x00000000ffe00000)
  to   space 33280K, 0% used [0x00000000fbf00000,0x00000000fbf00000,0x00000000fdf80000)
 ParOldGen       total 142848K, used 36107K [0x00000000c0000000, 0x00000000c8b80000, 0x00000000eab00000)
  object space 142848K, 25% used [0x00000000c0000000,0x00000000c2342e60,0x00000000c8b80000)
 Metaspace       used 57241K, capacity 58960K, committed 59028K, reserved 1099776K
  class space    used 7619K, capacity 8064K, committed 8124K, reserved 1048576K
}
Event: 35.464 GC heap before
{Heap before GC invocations=14 (full 3):
 PSYoungGen      total 312832K, used 282624K [0x00000000eab00000, 0x0000000100000000, 0x0000000100000000)
  eden space 282624K, 100% used [0x00000000eab00000,0x00000000fbf00000,0x00000000fbf00000)
  from space 30208K, 0% used [0x00000000fe080000,0x00000000fe080000,0x00000000ffe00000)
  to   space 33280K, 0% used [0x00000000fbf00000,0x00000000fbf00000,0x00000000fdf80000)
 ParOldGen       total 142848K, used 36107K [0x00000000c0000000, 0x00000000c8b80000, 0x00000000eab00000)
  object space 142848K, 25% used [0x00000000c0000000,0x00000000c2342e60,0x00000000c8b80000)
 Metaspace       used 62138K, capacity 64608K, committed 64788K, reserved 1105920K
  class space    used 8109K, capacity 8670K, committed 8764K, reserved 1048576K
Event: 35.475 GC heap after
Heap after GC invocations=14 (full 3):
 PSYoungGen      total 315904K, used 10854K [0x00000000eab00000, 0x0000000100000000, 0x0000000100000000)
  eden space 282624K, 0% used [0x00000000eab00000,0x00000000eab00000,0x00000000fbf00000)
  from space 33280K, 32% used [0x00000000fbf00000,0x00000000fc999ae0,0x00000000fdf80000)
  to   space 31744K, 0% used [0x00000000fe100000,0x00000000fe100000,0x0000000100000000)
 ParOldGen       total 142848K, used 36115K [0x00000000c0000000, 0x00000000c8b80000, 0x00000000eab00000)
  object space 142848K, 25% used [0x00000000c0000000,0x00000000c2344e60,0x00000000c8b80000)
 Metaspace       used 62138K, capacity 64608K, committed 64788K, reserved 1105920K
  class space    used 8109K, capacity 8670K, committed 8764K, reserved 1048576K
}
Event: 41.623 GC heap before
{Heap before GC invocations=15 (full 3):
 PSYoungGen      total 315904K, used 293478K [0x00000000eab00000, 0x0000000100000000, 0x0000000100000000)
  eden space 282624K, 100% used [0x00000000eab00000,0x00000000fbf00000,0x00000000fbf00000)
  from space 33280K, 32% used [0x00000000fbf00000,0x00000000fc999ae0,0x00000000fdf80000)
  to   space 31744K, 0% used [0x00000000fe100000,0x00000000fe100000,0x0000000100000000)
 ParOldGen       total 142848K, used 36115K [0x00000000c0000000, 0x00000000c8b80000, 0x00000000eab00000)
  object space 142848K, 25% used [0x00000000c0000000,0x00000000c2344e60,0x00000000c8b80000)
 Metaspace       used 70735K, capacity 73482K, committed 73748K, reserved 1114112K
  class space    used 9042K, capacity 9661K, committed 9788K, reserved 1048576K
Event: 41.670 GC heap after
Heap after GC invocations=15 (full 3):
 PSYoungGen      total 293888K, used 31735K [0x00000000eab00000, 0x0000000100000000, 0x0000000100000000)
  eden space 262144K, 0% used [0x00000000eab00000,0x00000000eab00000,0x00000000fab00000)
  from space 31744K, 99% used [0x00000000fe100000,0x00000000ffffde80,0x0000000100000000)
  to   space 43520K, 0% used [0x00000000fab00000,0x00000000fab00000,0x00000000fd580000)
 ParOldGen       total 142848K, used 55411K [0x00000000c0000000, 0x00000000c8b80000, 0x00000000eab00000)
  object space 142848K, 38% used [0x00000000c0000000,0x00000000c361ccc8,0x00000000c8b80000)
 Metaspace       used 70735K, capacity 73482K, committed 73748K, reserved 1114112K
  class space    used 9042K, capacity 9661K, committed 9788K, reserved 1048576K
}
Event: 45.497 GC heap before
{Heap before GC invocations=16 (full 3):
 PSYoungGen      total 293888K, used 293879K [0x00000000eab00000, 0x0000000100000000, 0x0000000100000000)
  eden space 262144K, 100% used [0x00000000eab00000,0x00000000fab00000,0x00000000fab00000)
  from space 31744K, 99% used [0x00000000fe100000,0x00000000ffffde80,0x0000000100000000)
  to   space 43520K, 0% used [0x00000000fab00000,0x00000000fab00000,0x00000000fd580000)
 ParOldGen       total 142848K, used 55411K [0x00000000c0000000, 0x00000000c8b80000, 0x00000000eab00000)
  object space 142848K, 38% used [0x00000000c0000000,0x00000000c361ccc8,0x00000000c8b80000)
 Metaspace       used 77710K, capacity 80762K, committed 81044K, reserved 1120256K
  class space    used 9782K, capacity 10560K, committed 10684K, reserved 1048576K
Event: 45.538 GC heap after
Heap after GC invocations=16 (full 3):
 PSYoungGen      total 305664K, used 43515K [0x00000000eab00000, 0x0000000100000000, 0x0000000100000000)
  eden space 262144K, 0% used [0x00000000eab00000,0x00000000eab00000,0x00000000fab00000)
  from space 43520K, 99% used [0x00000000fab00000,0x00000000fd57edc0,0x00000000fd580000)
  to   space 43520K, 0% used [0x00000000fd580000,0x00000000fd580000,0x0000000100000000)
 ParOldGen       total 142848K, used 69128K [0x00000000c0000000, 0x00000000c8b80000, 0x00000000eab00000)
  object space 142848K, 48% used [0x00000000c0000000,0x00000000c4382240,0x00000000c8b80000)
 Metaspace       used 77710K, capacity 80762K, committed 81044K, reserved 1120256K
  class space    used 9782K, capacity 10560K, committed 10684K, reserved 1048576K
}

