# JRE version: OpenJDK Runtime Environment (8.0_152-b01) (build 1.8.0_152-release-915-b01)
# Java VM: OpenJDK 64-Bit Server VM (25.152-b01 mixed mode linux-amd64 compressed oops)
Heap:
 PSYoungGen      total 209408K, used 103512K [0x00000000eab00000, 0x00000000f8580000, 0x0000000100000000)
  eden space 196096K, 52% used [0x00000000eab00000,0x00000000f10163b0,0x00000000f6a80000)
  from space 13312K, 0% used [0x00000000f7880000,0x00000000f7880000,0x00000000f8580000)
  to   space 13824K, 0% used [0x00000000f6a80000,0x00000000f6a80000,0x00000000f7800000)
 ParOldGen       total 88576K, used 16079K [0x00000000c0000000, 0x00000000c5680000, 0x00000000eab00000)
  object space 88576K, 18% used [0x00000000c0000000,0x00000000c0fb3cf0,0x00000000c5680000)
 Metaspace       used 40733K, capacity 41550K, committed 41816K, reserved 1085440K
  class space    used 5436K, capacity 5704K, committed 5760K, reserved 1048576K
GC Heap History (10 events):
Event: 1.343 GC heap before
{Heap before GC invocations=4 (full 0):
 PSYoungGen      total 67584K, used 15213K [0x00000000eab00000, 0x00000000f2f00000, 0x0000000100000000)
  eden space 62464K, 16% used [0x00000000eab00000,0x00000000eb4df7b8,0x00000000ee800000)
  from space 5120K, 99% used [0x00000000ee800000,0x00000000eecfc020,0x00000000eed00000)
  to   space 5120K, 0% used [0x00000000f2a00000,0x00000000f2a00000,0x00000000f2f00000)
 ParOldGen       total 83456K, used 7679K [0x00000000c0000000, 0x00000000c5180000, 0x00000000eab00000)
  object space 83456K, 9% used [0x00000000c0000000,0x00000000c077ff10,0x00000000c5180000)
 Metaspace       used 20732K, capacity 21096K, committed 21248K, reserved 1067008K
  class space    used 2866K, capacity 3018K, committed 3072K, reserved 1048576K
Event: 1.350 GC heap after
Heap after GC invocations=4 (full 0):
 PSYoungGen      total 130048K, used 5108K [0x00000000eab00000, 0x00000000f2f00000, 0x0000000100000000)
  eden space 124928K, 0% used [0x00000000eab00000,0x00000000eab00000,0x00000000f2500000)
  from space 5120K, 99% used [0x00000000f2a00000,0x00000000f2efd040,0x00000000f2f00000)
  to   space 5120K, 0% used [0x00000000f2500000,0x00000000f2500000,0x00000000f2a00000)
 ParOldGen       total 83456K, used 9603K [0x00000000c0000000, 0x00000000c5180000, 0x00000000eab00000)
  object space 83456K, 11% used [0x00000000c0000000,0x00000000c0960fe0,0x00000000c5180000)
 Metaspace       used 20732K, capacity 21096K, committed 21248K, reserved 1067008K
  class space    used 2866K, capacity 3018K, committed 3072K, reserved 1048576K
}
Event: 1.350 GC heap before
{Heap before GC invocations=5 (full 1):
 PSYoungGen      total 130048K, used 5108K [0x00000000eab00000, 0x00000000f2f00000, 0x0000000100000000)
  eden space 124928K, 0% used [0x00000000eab00000,0x00000000eab00000,0x00000000f2500000)
  from space 5120K, 99% used [0x00000000f2a00000,0x00000000f2efd040,0x00000000f2f00000)
  to   space 5120K, 0% used [0x00000000f2500000,0x00000000f2500000,0x00000000f2a00000)
 ParOldGen       total 83456K, used 9603K [0x00000000c0000000, 0x00000000c5180000, 0x00000000eab00000)
  object space 83456K, 11% used [0x00000000c0000000,0x00000000c0960fe0,0x00000000c5180000)
 Metaspace       used 20732K, capacity 21096K, committed 21248K, reserved 1067008K
  class space    used 2866K, capacity 3018K, committed 3072K, reserved 1048576K
Event: 1.388 GC heap after
Heap after GC invocations=5 (full 1):
 PSYoungGen      total 130048K, used 0K [0x00000000eab00000, 0x00000000f2f00000, 0x0000000100000000)
  eden space 124928K, 0% used [0x00000000eab00000,0x00000000eab00000,0x00000000f2500000)
  from space 5120K, 0% used [0x00000000f2a00000,0x00000000f2a00000,0x00000000f2f00000)
  to   space 5120K, 0% used [0x00000000f2500000,0x00000000f2500000,0x00000000f2a00000)
 ParOldGen       total 57856K, used 8134K [0x00000000c0000000, 0x00000000c3880000, 0x00000000eab00000)
  object space 57856K, 14% used [0x00000000c0000000,0x00000000c07f1af0,0x00000000c3880000)
 Metaspace       used 20732K, capacity 21096K, committed 21248K, reserved 1067008K
  class space    used 2866K, capacity 3018K, committed 3072K, reserved 1048576K
}
Event: 2.523 GC heap before
{Heap before GC invocations=6 (full 1):
 PSYoungGen      total 130048K, used 124928K [0x00000000eab00000, 0x00000000f2f00000, 0x0000000100000000)
  eden space 124928K, 100% used [0x00000000eab00000,0x00000000f2500000,0x00000000f2500000)
  from space 5120K, 0% used [0x00000000f2a00000,0x00000000f2a00000,0x00000000f2f00000)
  to   space 5120K, 0% used [0x00000000f2500000,0x00000000f2500000,0x00000000f2a00000)
 ParOldGen       total 57856K, used 8134K [0x00000000c0000000, 0x00000000c3880000, 0x00000000eab00000)
  object space 57856K, 14% used [0x00000000c0000000,0x00000000c07f1af0,0x00000000c3880000)
 Metaspace       used 29676K, capacity 30148K, committed 30464K, reserved 1075200K
  class space    used 4053K, capacity 4233K, committed 4352K, reserved 1048576K
Event: 2.532 GC heap after
Heap after GC invocations=6 (full 1):
 PSYoungGen      total 130048K, used 5104K [0x00000000eab00000, 0x00000000f8600000, 0x0000000100000000)
  eden space 124928K, 0% used [0x00000000eab00000,0x00000000eab00000,0x00000000f2500000)
  from space 5120K, 99% used [0x00000000f2500000,0x00000000f29fc020,0x00000000f2a00000)
  to   space 13824K, 0% used [0x00000000f7880000,0x00000000f7880000,0x00000000f8600000)
 ParOldGen       total 57856K, used 13948K [0x00000000c0000000, 0x00000000c3880000, 0x00000000eab00000)
  object space 57856K, 24% used [0x00000000c0000000,0x00000000c0d9f018,0x00000000c3880000)
 Metaspace       used 29676K, capacity 30148K, committed 30464K, reserved 1075200K
  class space    used 4053K, capacity 4233K, committed 4352K, reserved 1048576K
}
Event: 3.244 GC heap before
{Heap before GC invocations=7 (full 1):
 PSYoungGen      total 130048K, used 65200K [0x00000000eab00000, 0x00000000f8600000, 0x0000000100000000)
  eden space 124928K, 48% used [0x00000000eab00000,0x00000000ee5b0340,0x00000000f2500000)
  from space 5120K, 99% used [0x00000000f2500000,0x00000000f29fc020,0x00000000f2a00000)
  to   space 13824K, 0% used [0x00000000f7880000,0x00000000f7880000,0x00000000f8600000)
 ParOldGen       total 57856K, used 13948K [0x00000000c0000000, 0x00000000c3880000, 0x00000000eab00000)
  object space 57856K, 24% used [0x00000000c0000000,0x00000000c0d9f018,0x00000000c3880000)
 Metaspace       used 34524K, capacity 35186K, committed 35416K, reserved 1079296K
  class space    used 4685K, capacity 4941K, committed 4992K, reserved 1048576K
Event: 3.269 GC heap after
Heap after GC invocations=7 (full 1):
 PSYoungGen      total 209408K, used 9540K [0x00000000eab00000, 0x00000000f8580000, 0x0000000100000000)
  eden space 196096K, 0% used [0x00000000eab00000,0x00000000eab00000,0x00000000f6a80000)
  from space 13312K, 71% used [0x00000000f7880000,0x00000000f81d13b0,0x00000000f8580000)
  to   space 13824K, 0% used [0x00000000f6a80000,0x00000000f6a80000,0x00000000f7800000)
 ParOldGen       total 57856K, used 14028K [0x00000000c0000000, 0x00000000c3880000, 0x00000000eab00000)
  object space 57856K, 24% used [0x00000000c0000000,0x00000000c0db3028,0x00000000c3880000)
 Metaspace       used 34524K, capacity 35186K, committed 35416K, reserved 1079296K
  class space    used 4685K, capacity 4941K, committed 4992K, reserved 1048576K
}
Event: 3.269 GC heap before
{Heap before GC invocations=8 (full 2):
 PSYoungGen      total 209408K, used 9540K [0x00000000eab00000, 0x00000000f8580000, 0x0000000100000000)
  eden space 196096K, 0% used [0x00000000eab00000,0x00000000eab00000,0x00000000f6a80000)
  from space 13312K, 71% used [0x00000000f7880000,0x00000000f81d13b0,0x00000000f8580000)
  to   space 13824K, 0% used [0x00000000f6a80000,0x00000000f6a80000,0x00000000f7800000)
 ParOldGen       total 57856K, used 14028K [0x00000000c0000000, 0x00000000c3880000, 0x00000000eab00000)
  object space 57856K, 24% used [0x00000000c0000000,0x00000000c0db3028,0x00000000c3880000)
 Metaspace       used 34524K, capacity 35186K, committed 35416K, reserved 1079296K
  class space    used 4685K, capacity 4941K, committed 4992K, reserved 1048576K
Event: 3.351 GC heap after
Heap after GC invocations=8 (full 2):
 PSYoungGen      total 209408K, used 0K [0x00000000eab00000, 0x00000000f8580000, 0x0000000100000000)
  eden space 196096K, 0% used [0x00000000eab00000,0x00000000eab00000,0x00000000f6a80000)
  from space 13312K, 0% used [0x00000000f7880000,0x00000000f7880000,0x00000000f8580000)
  to   space 13824K, 0% used [0x00000000f6a80000,0x00000000f6a80000,0x00000000f7800000)
 ParOldGen       total 88576K, used 16079K [0x00000000c0000000, 0x00000000c5680000, 0x00000000eab00000)
  object space 88576K, 18% used [0x00000000c0000000,0x00000000c0fb3cf0,0x00000000c5680000)
 Metaspace       used 34524K, capacity 35186K, committed 35416K, reserved 1079296K
  class space    used 4685K, capacity 4941K, committed 4992K, reserved 1048576K
}

