# JRE version: OpenJDK Runtime Environment (8.0_152-b01) (build 1.8.0_152-release-915-b01)
# Java VM: OpenJDK 64-Bit Server VM (25.152-b01 mixed mode linux-amd64 compressed oops)
Heap:
 PSYoungGen      total 67584K, used 5092K [0x00000000eab00000, 0x00000000f3900000, 0x0000000100000000)
  eden space 62464K, 0% used [0x00000000eab00000,0x00000000eab00000,0x00000000ee800000)
  from space 5120K, 99% used [0x00000000ee800000,0x00000000eecf9030,0x00000000eed00000)
  to   space 10240K, 0% used [0x00000000f2f00000,0x00000000f2f00000,0x00000000f3900000)
 ParOldGen       total 83456K, used 7137K [0x00000000c0000000, 0x00000000c5180000, 0x00000000eab00000)
  object space 83456K, 8% used [0x00000000c0000000,0x00000000c06f8788,0x00000000c5180000)
 Metaspace       used 20635K, capacity 21064K, committed 21248K, reserved 1067008K
  class space    used 2862K, capacity 3037K, committed 3072K, reserved 1048576K
GC Heap History (10 events):
Event: 0.307 GC heap after
Heap after GC invocations=1 (full 0):
 PSYoungGen      total 36352K, used 3851K [0x00000000eab00000, 0x00000000ed380000, 0x0000000100000000)
  eden space 31232K, 0% used [0x00000000eab00000,0x00000000eab00000,0x00000000ec980000)
  from space 5120K, 75% used [0x00000000ec980000,0x00000000ecd42c38,0x00000000ece80000)
  to   space 5120K, 0% used [0x00000000ece80000,0x00000000ece80000,0x00000000ed380000)
 ParOldGen       total 83456K, used 8K [0x00000000c0000000, 0x00000000c5180000, 0x00000000eab00000)
  object space 83456K, 0% used [0x00000000c0000000,0x00000000c0002000,0x00000000c5180000)
 Metaspace       used 6442K, capacity 6638K, committed 6784K, reserved 1056768K
  class space    used 790K, capacity 875K, committed 896K, reserved 1048576K
}
Event: 0.571 GC heap before
{Heap before GC invocations=2 (full 0):
 PSYoungGen      total 36352K, used 35083K [0x00000000eab00000, 0x00000000ed380000, 0x0000000100000000)
  eden space 31232K, 100% used [0x00000000eab00000,0x00000000ec980000,0x00000000ec980000)
  from space 5120K, 75% used [0x00000000ec980000,0x00000000ecd42c38,0x00000000ece80000)
  to   space 5120K, 0% used [0x00000000ece80000,0x00000000ece80000,0x00000000ed380000)
 ParOldGen       total 83456K, used 8K [0x00000000c0000000, 0x00000000c5180000, 0x00000000eab00000)
  object space 83456K, 0% used [0x00000000c0000000,0x00000000c0002000,0x00000000c5180000)
 Metaspace       used 11514K, capacity 11796K, committed 11904K, reserved 1058816K
  class space    used 1538K, capacity 1662K, committed 1664K, reserved 1048576K
Event: 0.576 GC heap after
Heap after GC invocations=2 (full 0):
 PSYoungGen      total 36352K, used 5093K [0x00000000eab00000, 0x00000000ef200000, 0x0000000100000000)
  eden space 31232K, 0% used [0x00000000eab00000,0x00000000eab00000,0x00000000ec980000)
  from space 5120K, 99% used [0x00000000ece80000,0x00000000ed379490,0x00000000ed380000)
  to   space 5120K, 0% used [0x00000000ec980000,0x00000000ec980000,0x00000000ece80000)
 ParOldGen       total 83456K, used 356K [0x00000000c0000000, 0x00000000c5180000, 0x00000000eab00000)
  object space 83456K, 0% used [0x00000000c0000000,0x00000000c0059288,0x00000000c5180000)
 Metaspace       used 11514K, capacity 11796K, committed 11904K, reserved 1058816K
  class space    used 1538K, capacity 1662K, committed 1664K, reserved 1048576K
}
Event: 0.768 GC heap before
{Heap before GC invocations=3 (full 0):
 PSYoungGen      total 36352K, used 36325K [0x00000000eab00000, 0x00000000ef200000, 0x0000000100000000)
  eden space 31232K, 100% used [0x00000000eab00000,0x00000000ec980000,0x00000000ec980000)
  from space 5120K, 99% used [0x00000000ece80000,0x00000000ed379490,0x00000000ed380000)
  to   space 5120K, 0% used [0x00000000ec980000,0x00000000ec980000,0x00000000ece80000)
 ParOldGen       total 83456K, used 356K [0x00000000c0000000, 0x00000000c5180000, 0x00000000eab00000)
  object space 83456K, 0% used [0x00000000c0000000,0x00000000c0059288,0x00000000c5180000)
 Metaspace       used 14378K, capacity 14702K, committed 15104K, reserved 1062912K
  class space    used 2052K, capacity 2185K, committed 2304K, reserved 1048576K
Event: 0.774 GC heap after
Heap after GC invocations=3 (full 0):
 PSYoungGen      total 36352K, used 5119K [0x00000000eab00000, 0x00000000ef200000, 0x0000000100000000)
  eden space 31232K, 0% used [0x00000000eab00000,0x00000000eab00000,0x00000000ec980000)
  from space 5120K, 99% used [0x00000000ec980000,0x00000000ece7fe88,0x00000000ece80000)
  to   space 5120K, 0% used [0x00000000eed00000,0x00000000eed00000,0x00000000ef200000)
 ParOldGen       total 83456K, used 2530K [0x00000000c0000000, 0x00000000c5180000, 0x00000000eab00000)
  object space 83456K, 3% used [0x00000000c0000000,0x00000000c0278960,0x00000000c5180000)
 Metaspace       used 14378K, capacity 14702K, committed 15104K, reserved 1062912K
  class space    used 2052K, capacity 2185K, committed 2304K, reserved 1048576K
}
Event: 1.238 GC heap before
{Heap before GC invocations=4 (full 0):
 PSYoungGen      total 36352K, used 36351K [0x00000000eab00000, 0x00000000ef200000, 0x0000000100000000)
  eden space 31232K, 100% used [0x00000000eab00000,0x00000000ec980000,0x00000000ec980000)
  from space 5120K, 99% used [0x00000000ec980000,0x00000000ece7fe88,0x00000000ece80000)
  to   space 5120K, 0% used [0x00000000eed00000,0x00000000eed00000,0x00000000ef200000)
 ParOldGen       total 83456K, used 2530K [0x00000000c0000000, 0x00000000c5180000, 0x00000000eab00000)
  object space 83456K, 3% used [0x00000000c0000000,0x00000000c0278960,0x00000000c5180000)
 Metaspace       used 20233K, capacity 20680K, committed 20992K, reserved 1067008K
  class space    used 2808K, capacity 2973K, committed 3072K, reserved 1048576K
Event: 1.248 GC heap after
Heap after GC invocations=4 (full 0):
 PSYoungGen      total 67584K, used 5113K [0x00000000eab00000, 0x00000000ef200000, 0x0000000100000000)
  eden space 62464K, 0% used [0x00000000eab00000,0x00000000eab00000,0x00000000ee800000)
  from space 5120K, 99% used [0x00000000eed00000,0x00000000ef1fe448,0x00000000ef200000)
  to   space 5120K, 0% used [0x00000000ee800000,0x00000000ee800000,0x00000000eed00000)
 ParOldGen       total 83456K, used 6810K [0x00000000c0000000, 0x00000000c5180000, 0x00000000eab00000)
  object space 83456K, 8% used [0x00000000c0000000,0x00000000c06a6950,0x00000000c5180000)
 Metaspace       used 20233K, capacity 20680K, committed 20992K, reserved 1067008K
  class space    used 2808K, capacity 2973K, committed 3072K, reserved 1048576K
}
Event: 1.307 GC heap before
{Heap before GC invocations=5 (full 0):
 PSYoungGen      total 67584K, used 9128K [0x00000000eab00000, 0x00000000ef200000, 0x0000000100000000)
  eden space 62464K, 6% used [0x00000000eab00000,0x00000000eaeebe48,0x00000000ee800000)
  from space 5120K, 99% used [0x00000000eed00000,0x00000000ef1fe448,0x00000000ef200000)
  to   space 5120K, 0% used [0x00000000ee800000,0x00000000ee800000,0x00000000eed00000)
 ParOldGen       total 83456K, used 6810K [0x00000000c0000000, 0x00000000c5180000, 0x00000000eab00000)
  object space 83456K, 8% used [0x00000000c0000000,0x00000000c06a6950,0x00000000c5180000)
 Metaspace       used 20635K, capacity 21064K, committed 21248K, reserved 1067008K
  class space    used 2862K, capacity 3037K, committed 3072K, reserved 1048576K
Event: 1.311 GC heap after
Heap after GC invocations=5 (full 0):
 PSYoungGen      total 67584K, used 5092K [0x00000000eab00000, 0x00000000f3900000, 0x0000000100000000)
  eden space 62464K, 0% used [0x00000000eab00000,0x00000000eab00000,0x00000000ee800000)
  from space 5120K, 99% used [0x00000000ee800000,0x00000000eecf9030,0x00000000eed00000)
  to   space 10240K, 0% used [0x00000000f2f00000,0x00000000f2f00000,0x00000000f3900000)
 ParOldGen       total 83456K, used 7137K [0x00000000c0000000, 0x00000000c5180000, 0x00000000eab00000)
  object space 83456K, 8% used [0x00000000c0000000,0x00000000c06f8788,0x00000000c5180000)
 Metaspace       used 20635K, capacity 21064K, committed 21248K, reserved 1067008K
  class space    used 2862K, capacity 3037K, committed 3072K, reserved 1048576K
}
Event: 1.311 GC heap before
{Heap before GC invocations=6 (full 1):
 PSYoungGen      total 67584K, used 5092K [0x00000000eab00000, 0x00000000f3900000, 0x0000000100000000)
  eden space 62464K, 0% used [0x00000000eab00000,0x00000000eab00000,0x00000000ee800000)
  from space 5120K, 99% used [0x00000000ee800000,0x00000000eecf9030,0x00000000eed00000)
  to   space 10240K, 0% used [0x00000000f2f00000,0x00000000f2f00000,0x00000000f3900000)
 ParOldGen       total 83456K, used 7137K [0x00000000c0000000, 0x00000000c5180000, 0x00000000eab00000)
  object space 83456K, 8% used [0x00000000c0000000,0x00000000c06f8788,0x00000000c5180000)
 Metaspace       used 20635K, capacity 21064K, committed 21248K, reserved 1067008K
  class space    used 2862K, capacity 3037K, committed 3072K, reserved 1048576K

