# JRE version: OpenJDK Runtime Environment (8.0_152-b01) (build 1.8.0_152-release-915-b01)
# Java VM: OpenJDK 64-Bit Server VM (25.152-b01 mixed mode linux-amd64 compressed oops)
Heap:
 PSYoungGen      total 275968K, used 52284K [0x00000000eab00000, 0x0000000100000000, 0x0000000100000000)
  eden space 223232K, 0% used [0x00000000eab00000,0x00000000eab00000,0x00000000f8500000)
  from space 52736K, 99% used [0x00000000f8500000,0x00000000fb80f088,0x00000000fb880000)
  to   space 71680K, 0% used [0x00000000fba00000,0x00000000fba00000,0x0000000100000000)
 ParOldGen       total 287744K, used 256687K [0x00000000c0000000, 0x00000000d1900000, 0x00000000eab00000)
  object space 287744K, 89% used [0x00000000c0000000,0x00000000cfaabdd0,0x00000000d1900000)
 Metaspace       used 94301K, capacity 99794K, committed 100056K, reserved 1136640K
  class space    used 11587K, capacity 12902K, committed 13056K, reserved 1048576K
GC Heap History (10 events):
Event: 1461.096 GC heap after
Heap after GC invocations=52 (full 5):
 PSYoungGen      total 275968K, used 11004K [0x00000000eab00000, 0x00000000ffb80000, 0x0000000100000000)
  eden space 209920K, 0% used [0x00000000eab00000,0x00000000eab00000,0x00000000f7800000)
  from space 66048K, 16% used [0x00000000f7800000,0x00000000f82bf060,0x00000000fb880000)
  to   space 61952K, 0% used [0x00000000fbf00000,0x00000000fbf00000,0x00000000ffb80000)
 ParOldGen       total 287744K, used 208031K [0x00000000c0000000, 0x00000000d1900000, 0x00000000eab00000)
  object space 287744K, 72% used [0x00000000c0000000,0x00000000ccb27c28,0x00000000d1900000)
 Metaspace       used 92775K, capacity 98080K, committed 98392K, reserved 1134592K
  class space    used 11469K, capacity 12735K, committed 12928K, reserved 1048576K
}
Event: 1461.165 GC heap before
{Heap before GC invocations=53 (full 5):
 PSYoungGen      total 275968K, used 219997K [0x00000000eab00000, 0x00000000ffb80000, 0x0000000100000000)
  eden space 209920K, 99% used [0x00000000eab00000,0x00000000f7718568,0x00000000f7800000)
  from space 66048K, 16% used [0x00000000f7800000,0x00000000f82bf060,0x00000000fb880000)
  to   space 61952K, 0% used [0x00000000fbf00000,0x00000000fbf00000,0x00000000ffb80000)
 ParOldGen       total 287744K, used 208031K [0x00000000c0000000, 0x00000000d1900000, 0x00000000eab00000)
  object space 287744K, 72% used [0x00000000c0000000,0x00000000ccb27c28,0x00000000d1900000)
 Metaspace       used 92803K, capacity 98148K, committed 98392K, reserved 1134592K
  class space    used 11471K, capacity 12737K, committed 12928K, reserved 1048576K
Event: 1461.178 GC heap after
Heap after GC invocations=53 (full 5):
 PSYoungGen      total 276480K, used 6988K [0x00000000eab00000, 0x00000000ff500000, 0x0000000100000000)
  eden space 221184K, 0% used [0x00000000eab00000,0x00000000eab00000,0x00000000f8300000)
  from space 55296K, 12% used [0x00000000fbf00000,0x00000000fc5d30d8,0x00000000ff500000)
  to   space 58368K, 0% used [0x00000000f8300000,0x00000000f8300000,0x00000000fbc00000)
 ParOldGen       total 287744K, used 213535K [0x00000000c0000000, 0x00000000d1900000, 0x00000000eab00000)
  object space 287744K, 74% used [0x00000000c0000000,0x00000000cd087d80,0x00000000d1900000)
 Metaspace       used 92803K, capacity 98148K, committed 98392K, reserved 1134592K
  class space    used 11471K, capacity 12737K, committed 12928K, reserved 1048576K
}
Event: 3272.047 GC heap before
{Heap before GC invocations=54 (full 5):
 PSYoungGen      total 276480K, used 228172K [0x00000000eab00000, 0x00000000ff500000, 0x0000000100000000)
  eden space 221184K, 100% used [0x00000000eab00000,0x00000000f8300000,0x00000000f8300000)
  from space 55296K, 12% used [0x00000000fbf00000,0x00000000fc5d30d8,0x00000000ff500000)
  to   space 58368K, 0% used [0x00000000f8300000,0x00000000f8300000,0x00000000fbc00000)
 ParOldGen       total 287744K, used 213535K [0x00000000c0000000, 0x00000000d1900000, 0x00000000eab00000)
  object space 287744K, 74% used [0x00000000c0000000,0x00000000cd087d80,0x00000000d1900000)
 Metaspace       used 92952K, capacity 98394K, committed 98648K, reserved 1134592K
  class space    used 11488K, capacity 12788K, committed 12928K, reserved 1048576K
Event: 3272.054 GC heap after
Heap after GC invocations=54 (full 5):
 PSYoungGen      total 279552K, used 4033K [0x00000000eab00000, 0x00000000ffe00000, 0x0000000100000000)
  eden space 221184K, 0% used [0x00000000eab00000,0x00000000eab00000,0x00000000f8300000)
  from space 58368K, 6% used [0x00000000f8300000,0x00000000f86f04a8,0x00000000fbc00000)
  to   space 55808K, 0% used [0x00000000fc780000,0x00000000fc780000,0x00000000ffe00000)
 ParOldGen       total 287744K, used 213845K [0x00000000c0000000, 0x00000000d1900000, 0x00000000eab00000)
  object space 287744K, 74% used [0x00000000c0000000,0x00000000cd0d5660,0x00000000d1900000)
 Metaspace       used 92952K, capacity 98394K, committed 98648K, reserved 1134592K
  class space    used 11488K, capacity 12788K, committed 12928K, reserved 1048576K
}
Event: 3273.866 GC heap before
{Heap before GC invocations=55 (full 5):
 PSYoungGen      total 279552K, used 225217K [0x00000000eab00000, 0x00000000ffe00000, 0x0000000100000000)
  eden space 221184K, 100% used [0x00000000eab00000,0x00000000f8300000,0x00000000f8300000)
  from space 58368K, 6% used [0x00000000f8300000,0x00000000f86f04a8,0x00000000fbc00000)
  to   space 55808K, 0% used [0x00000000fc780000,0x00000000fc780000,0x00000000ffe00000)
 ParOldGen       total 287744K, used 213845K [0x00000000c0000000, 0x00000000d1900000, 0x00000000eab00000)
  object space 287744K, 74% used [0x00000000c0000000,0x00000000cd0d5660,0x00000000d1900000)
 Metaspace       used 94141K, capacity 99684K, committed 100056K, reserved 1136640K
  class space    used 11582K, capacity 12895K, committed 13056K, reserved 1048576K
Event: 3273.895 GC heap after
Heap after GC invocations=55 (full 5):
 PSYoungGen      total 279040K, used 44754K [0x00000000eab00000, 0x0000000100000000, 0x0000000100000000)
  eden space 223232K, 0% used [0x00000000eab00000,0x00000000eab00000,0x00000000f8500000)
  from space 55808K, 80% used [0x00000000fc780000,0x00000000ff334a60,0x00000000ffe00000)
  to   space 62976K, 0% used [0x00000000f8500000,0x00000000f8500000,0x00000000fc280000)
 ParOldGen       total 287744K, used 217587K [0x00000000c0000000, 0x00000000d1900000, 0x00000000eab00000)
  object space 287744K, 75% used [0x00000000c0000000,0x00000000cd47cf60,0x00000000d1900000)
 Metaspace       used 94141K, capacity 99684K, committed 100056K, reserved 1136640K
  class space    used 11582K, capacity 12895K, committed 13056K, reserved 1048576K
}
Event: 3277.396 GC heap before
{Heap before GC invocations=56 (full 5):
 PSYoungGen      total 279040K, used 267986K [0x00000000eab00000, 0x0000000100000000, 0x0000000100000000)
  eden space 223232K, 100% used [0x00000000eab00000,0x00000000f8500000,0x00000000f8500000)
  from space 55808K, 80% used [0x00000000fc780000,0x00000000ff334a60,0x00000000ffe00000)
  to   space 62976K, 0% used [0x00000000f8500000,0x00000000f8500000,0x00000000fc280000)
 ParOldGen       total 287744K, used 217587K [0x00000000c0000000, 0x00000000d1900000, 0x00000000eab00000)
  object space 287744K, 75% used [0x00000000c0000000,0x00000000cd47cf60,0x00000000d1900000)
 Metaspace       used 94301K, capacity 99794K, committed 100056K, reserved 1136640K
  class space    used 11587K, capacity 12902K, committed 13056K, reserved 1048576K
Event: 3277.447 GC heap after
Heap after GC invocations=56 (full 5):
 PSYoungGen      total 275968K, used 52284K [0x00000000eab00000, 0x0000000100000000, 0x0000000100000000)
  eden space 223232K, 0% used [0x00000000eab00000,0x00000000eab00000,0x00000000f8500000)
  from space 52736K, 99% used [0x00000000f8500000,0x00000000fb80f088,0x00000000fb880000)
  to   space 71680K, 0% used [0x00000000fba00000,0x00000000fba00000,0x0000000100000000)
 ParOldGen       total 287744K, used 256687K [0x00000000c0000000, 0x00000000d1900000, 0x00000000eab00000)
  object space 287744K, 89% used [0x00000000c0000000,0x00000000cfaabdd0,0x00000000d1900000)
 Metaspace       used 94301K, capacity 99794K, committed 100056K, reserved 1136640K
  class space    used 11587K, capacity 12902K, committed 13056K, reserved 1048576K
}
Event: 3277.447 GC heap before
{Heap before GC invocations=57 (full 6):
 PSYoungGen      total 275968K, used 52284K [0x00000000eab00000, 0x0000000100000000, 0x0000000100000000)
  eden space 223232K, 0% used [0x00000000eab00000,0x00000000eab00000,0x00000000f8500000)
  from space 52736K, 99% used [0x00000000f8500000,0x00000000fb80f088,0x00000000fb880000)
  to   space 71680K, 0% used [0x00000000fba00000,0x00000000fba00000,0x0000000100000000)
 ParOldGen       total 287744K, used 256687K [0x00000000c0000000, 0x00000000d1900000, 0x00000000eab00000)
  object space 287744K, 89% used [0x00000000c0000000,0x00000000cfaabdd0,0x00000000d1900000)
 Metaspace       used 94301K, capacity 99794K, committed 100056K, reserved 1136640K
  class space    used 11587K, capacity 12902K, committed 13056K, reserved 1048576K

