# JRE version: OpenJDK Runtime Environment (8.0_152-b01) (build 1.8.0_152-release-915-b01)
# Java VM: OpenJDK 64-Bit Server VM (25.152-b01 mixed mode linux-amd64 compressed oops)
Heap:
 PSYoungGen      total 290304K, used 50352K [0x00000000eab00000, 0x00000000ffe80000, 0x0000000100000000)
  eden space 235008K, 18% used [0x00000000eab00000,0x00000000ed5ffba8,0x00000000f9080000)
  from space 55296K, 11% used [0x00000000fc880000,0x00000000fceac530,0x00000000ffe80000)
  to   space 56320K, 0% used [0x00000000f9080000,0x00000000f9080000,0x00000000fc780000)
 ParOldGen       total 251392K, used 205454K [0x00000000c0000000, 0x00000000cf580000, 0x00000000eab00000)
  object space 251392K, 81% used [0x00000000c0000000,0x00000000cc8a3ba0,0x00000000cf580000)
 Metaspace       used 78393K, capacity 82104K, committed 82264K, reserved 1120256K
  class space    used 9981K, capacity 10849K, committed 10880K, reserved 1048576K
GC Heap History (10 events):
Event: 12.570 GC heap before
{Heap before GC invocations=16 (full 4):
 PSYoungGen      total 294912K, used 36542K [0x00000000eab00000, 0x0000000100000000, 0x0000000100000000)
  eden space 247808K, 0% used [0x00000000eab00000,0x00000000eab00000,0x00000000f9d00000)
  from space 47104K, 77% used [0x00000000fd200000,0x00000000ff5afac8,0x0000000100000000)
  to   space 50688K, 0% used [0x00000000f9d00000,0x00000000f9d00000,0x00000000fce80000)
 ParOldGen       total 127488K, used 118471K [0x00000000c0000000, 0x00000000c7c80000, 0x00000000eab00000)
  object space 127488K, 92% used [0x00000000c0000000,0x00000000c73b1f60,0x00000000c7c80000)
 Metaspace       used 71140K, capacity 73574K, committed 73944K, reserved 1114112K
  class space    used 9223K, capacity 9880K, committed 9984K, reserved 1048576K
Event: 12.901 GC heap after
Heap after GC invocations=16 (full 4):
 PSYoungGen      total 294912K, used 20380K [0x00000000eab00000, 0x0000000100000000, 0x0000000100000000)
  eden space 247808K, 0% used [0x00000000eab00000,0x00000000eab00000,0x00000000f9d00000)
  from space 47104K, 43% used [0x00000000fd200000,0x00000000fe5e7028,0x0000000100000000)
  to   space 50688K, 0% used [0x00000000f9d00000,0x00000000f9d00000,0x00000000fce80000)
 ParOldGen       total 251392K, used 119169K [0x00000000c0000000, 0x00000000cf580000, 0x00000000eab00000)
  object space 251392K, 47% used [0x00000000c0000000,0x00000000c7460790,0x00000000cf580000)
 Metaspace       used 71131K, capacity 73544K, committed 73944K, reserved 1114112K
  class space    used 9220K, capacity 9875K, committed 9984K, reserved 1048576K
}
Event: 13.768 GC heap before
{Heap before GC invocations=17 (full 4):
 PSYoungGen      total 294912K, used 265485K [0x00000000eab00000, 0x0000000100000000, 0x0000000100000000)
  eden space 247808K, 98% used [0x00000000eab00000,0x00000000f9a5c6f8,0x00000000f9d00000)
  from space 47104K, 43% used [0x00000000fd200000,0x00000000fe5e7028,0x0000000100000000)
  to   space 50688K, 0% used [0x00000000f9d00000,0x00000000f9d00000,0x00000000fce80000)
 ParOldGen       total 251392K, used 123997K [0x00000000c0000000, 0x00000000cf580000, 0x00000000eab00000)
  object space 251392K, 49% used [0x00000000c0000000,0x00000000c7917478,0x00000000cf580000)
 Metaspace       used 72682K, capacity 75366K, committed 75608K, reserved 1114112K
  class space    used 9429K, capacity 10090K, committed 10112K, reserved 1048576K
Event: 13.792 GC heap after
Heap after GC invocations=17 (full 4):
 PSYoungGen      total 286208K, used 38003K [0x00000000eab00000, 0x0000000100000000, 0x0000000100000000)
  eden space 247808K, 0% used [0x00000000eab00000,0x00000000eab00000,0x00000000f9d00000)
  from space 38400K, 98% used [0x00000000f9d00000,0x00000000fc21cc98,0x00000000fc280000)
  to   space 54272K, 0% used [0x00000000fcb00000,0x00000000fcb00000,0x0000000100000000)
 ParOldGen       total 251392K, used 140917K [0x00000000c0000000, 0x00000000cf580000, 0x00000000eab00000)
  object space 251392K, 56% used [0x00000000c0000000,0x00000000c899d7b0,0x00000000cf580000)
 Metaspace       used 72682K, capacity 75366K, committed 75608K, reserved 1114112K
  class space    used 9429K, capacity 10090K, committed 10112K, reserved 1048576K
}
Event: 14.149 GC heap before
{Heap before GC invocations=18 (full 4):
 PSYoungGen      total 286208K, used 285811K [0x00000000eab00000, 0x0000000100000000, 0x0000000100000000)
  eden space 247808K, 100% used [0x00000000eab00000,0x00000000f9d00000,0x00000000f9d00000)
  from space 38400K, 98% used [0x00000000f9d00000,0x00000000fc21cc98,0x00000000fc280000)
  to   space 54272K, 0% used [0x00000000fcb00000,0x00000000fcb00000,0x0000000100000000)
 ParOldGen       total 251392K, used 205430K [0x00000000c0000000, 0x00000000cf580000, 0x00000000eab00000)
  object space 251392K, 81% used [0x00000000c0000000,0x00000000cc89dba0,0x00000000cf580000)
 Metaspace       used 72886K, capacity 75658K, committed 75736K, reserved 1114112K
  class space    used 9460K, capacity 10162K, committed 10240K, reserved 1048576K
Event: 14.158 GC heap after
Heap after GC invocations=18 (full 4):
 PSYoungGen      total 288768K, used 39733K [0x00000000eab00000, 0x0000000100000000, 0x0000000100000000)
  eden space 234496K, 0% used [0x00000000eab00000,0x00000000eab00000,0x00000000f9000000)
  from space 54272K, 73% used [0x00000000fcb00000,0x00000000ff1cd548,0x0000000100000000)
  to   space 57344K, 0% used [0x00000000f9000000,0x00000000f9000000,0x00000000fc800000)
 ParOldGen       total 251392K, used 205438K [0x00000000c0000000, 0x00000000cf580000, 0x00000000eab00000)
  object space 251392K, 81% used [0x00000000c0000000,0x00000000cc89fba0,0x00000000cf580000)
 Metaspace       used 72886K, capacity 75658K, committed 75736K, reserved 1114112K
  class space    used 9460K, capacity 10162K, committed 10240K, reserved 1048576K
}
Event: 64.402 GC heap before
{Heap before GC invocations=19 (full 4):
 PSYoungGen      total 288768K, used 274229K [0x00000000eab00000, 0x0000000100000000, 0x0000000100000000)
  eden space 234496K, 100% used [0x00000000eab00000,0x00000000f9000000,0x00000000f9000000)
  from space 54272K, 73% used [0x00000000fcb00000,0x00000000ff1cd548,0x0000000100000000)
  to   space 57344K, 0% used [0x00000000f9000000,0x00000000f9000000,0x00000000fc800000)
 ParOldGen       total 251392K, used 205438K [0x00000000c0000000, 0x00000000cf580000, 0x00000000eab00000)
  object space 251392K, 81% used [0x00000000c0000000,0x00000000cc89fba0,0x00000000cf580000)
 Metaspace       used 77089K, capacity 80384K, committed 80600K, reserved 1120256K
  class space    used 9911K, capacity 10685K, committed 10752K, reserved 1048576K
Event: 64.414 GC heap after
Heap after GC invocations=19 (full 4):
 PSYoungGen      total 291840K, used 7919K [0x00000000eab00000, 0x0000000100000000, 0x0000000100000000)
  eden space 234496K, 0% used [0x00000000eab00000,0x00000000eab00000,0x00000000f9000000)
  from space 57344K, 13% used [0x00000000f9000000,0x00000000f97bbd38,0x00000000fc800000)
  to   space 56832K, 0% used [0x00000000fc880000,0x00000000fc880000,0x0000000100000000)
 ParOldGen       total 251392K, used 205446K [0x00000000c0000000, 0x00000000cf580000, 0x00000000eab00000)
  object space 251392K, 81% used [0x00000000c0000000,0x00000000cc8a1ba0,0x00000000cf580000)
 Metaspace       used 77089K, capacity 80384K, committed 80600K, reserved 1120256K
  class space    used 9911K, capacity 10685K, committed 10752K, reserved 1048576K
}
Event: 143.392 GC heap before
{Heap before GC invocations=20 (full 4):
 PSYoungGen      total 291840K, used 242415K [0x00000000eab00000, 0x0000000100000000, 0x0000000100000000)
  eden space 234496K, 100% used [0x00000000eab00000,0x00000000f9000000,0x00000000f9000000)
  from space 57344K, 13% used [0x00000000f9000000,0x00000000f97bbd38,0x00000000fc800000)
  to   space 56832K, 0% used [0x00000000fc880000,0x00000000fc880000,0x0000000100000000)
 ParOldGen       total 251392K, used 205446K [0x00000000c0000000, 0x00000000cf580000, 0x00000000eab00000)
  object space 251392K, 81% used [0x00000000c0000000,0x00000000cc8a1ba0,0x00000000cf580000)
 Metaspace       used 78239K, capacity 81880K, committed 82008K, reserved 1120256K
  class space    used 9972K, capacity 10833K, committed 10880K, reserved 1048576K
Event: 143.399 GC heap after
Heap after GC invocations=20 (full 4):
 PSYoungGen      total 290304K, used 6321K [0x00000000eab00000, 0x00000000ffe80000, 0x0000000100000000)
  eden space 235008K, 0% used [0x00000000eab00000,0x00000000eab00000,0x00000000f9080000)
  from space 55296K, 11% used [0x00000000fc880000,0x00000000fceac530,0x00000000ffe80000)
  to   space 56320K, 0% used [0x00000000f9080000,0x00000000f9080000,0x00000000fc780000)
 ParOldGen       total 251392K, used 205454K [0x00000000c0000000, 0x00000000cf580000, 0x00000000eab00000)
  object space 251392K, 81% used [0x00000000c0000000,0x00000000cc8a3ba0,0x00000000cf580000)
 Metaspace       used 78239K, capacity 81880K, committed 82008K, reserved 1120256K
  class space    used 9972K, capacity 10833K, committed 10880K, reserved 1048576K
}

