# JRE version: OpenJDK Runtime Environment (8.0_152-b01) (build 1.8.0_152-release-915-b01)
# Java VM: OpenJDK 64-Bit Server VM (25.152-b01 mixed mode linux-amd64 compressed oops)
Heap:
 PSYoungGen      total 252416K, used 23579K [0x00000000eab00000, 0x00000000ffe80000, 0x0000000100000000)
  eden space 169472K, 4% used [0x00000000eab00000,0x00000000eb1def90,0x00000000f5080000)
  from space 82944K, 19% used [0x00000000f5080000,0x00000000f60a8050,0x00000000fa180000)
  to   space 80384K, 0% used [0x00000000fb000000,0x00000000fb000000,0x00000000ffe80000)
 ParOldGen       total 275456K, used 107994K [0x00000000c0000000, 0x00000000d0d00000, 0x00000000eab00000)
  object space 275456K, 39% used [0x00000000c0000000,0x00000000c6976888,0x00000000d0d00000)
 Metaspace       used 81815K, capacity 85892K, committed 86104K, reserved 1124352K
  class space    used 10361K, capacity 11343K, committed 11392K, reserved 1048576K
GC Heap History (10 events):
Event: 566.376 GC heap before
{Heap before GC invocations=25 (full 4):
 PSYoungGen      total 223232K, used 150528K [0x00000000eab00000, 0x0000000100000000, 0x0000000100000000)
  eden space 150528K, 100% used [0x00000000eab00000,0x00000000f3e00000,0x00000000f3e00000)
  from space 72704K, 0% used [0x00000000fb900000,0x00000000fb900000,0x0000000100000000)
  to   space 99328K, 0% used [0x00000000f3e00000,0x00000000f3e00000,0x00000000f9f00000)
 ParOldGen       total 275456K, used 107954K [0x00000000c0000000, 0x00000000d0d00000, 0x00000000eab00000)
  object space 275456K, 39% used [0x00000000c0000000,0x00000000c696c888,0x00000000d0d00000)
 Metaspace       used 76532K, capacity 79994K, committed 80344K, reserved 1118208K
  class space    used 9791K, capacity 10648K, committed 10752K, reserved 1048576K
Event: 566.384 GC heap after
Heap after GC invocations=25 (full 4):
 PSYoungGen      total 249856K, used 16927K [0x00000000eab00000, 0x0000000100000000, 0x0000000100000000)
  eden space 150528K, 0% used [0x00000000eab00000,0x00000000eab00000,0x00000000f3e00000)
  from space 99328K, 17% used [0x00000000f3e00000,0x00000000f4e87ee0,0x00000000f9f00000)
  to   space 96256K, 0% used [0x00000000fa200000,0x00000000fa200000,0x0000000100000000)
 ParOldGen       total 275456K, used 107962K [0x00000000c0000000, 0x00000000d0d00000, 0x00000000eab00000)
  object space 275456K, 39% used [0x00000000c0000000,0x00000000c696e888,0x00000000d0d00000)
 Metaspace       used 76532K, capacity 79994K, committed 80344K, reserved 1118208K
  class space    used 9791K, capacity 10648K, committed 10752K, reserved 1048576K
}
Event: 567.244 GC heap before
{Heap before GC invocations=26 (full 4):
 PSYoungGen      total 249856K, used 167455K [0x00000000eab00000, 0x0000000100000000, 0x0000000100000000)
  eden space 150528K, 100% used [0x00000000eab00000,0x00000000f3e00000,0x00000000f3e00000)
  from space 99328K, 17% used [0x00000000f3e00000,0x00000000f4e87ee0,0x00000000f9f00000)
  to   space 96256K, 0% used [0x00000000fa200000,0x00000000fa200000,0x0000000100000000)
 ParOldGen       total 275456K, used 107962K [0x00000000c0000000, 0x00000000d0d00000, 0x00000000eab00000)
  object space 275456K, 39% used [0x00000000c0000000,0x00000000c696e888,0x00000000d0d00000)
 Metaspace       used 77957K, capacity 81570K, committed 81752K, reserved 1120256K
  class space    used 9931K, capacity 10814K, committed 10880K, reserved 1048576K
Event: 567.265 GC heap after
Heap after GC invocations=26 (full 4):
 PSYoungGen      total 236544K, used 27870K [0x00000000eab00000, 0x00000000ff300000, 0x0000000100000000)
  eden space 153600K, 0% used [0x00000000eab00000,0x00000000eab00000,0x00000000f4100000)
  from space 82944K, 33% used [0x00000000fa200000,0x00000000fbd37950,0x00000000ff300000)
  to   space 91136K, 0% used [0x00000000f4100000,0x00000000f4100000,0x00000000f9a00000)
 ParOldGen       total 275456K, used 107970K [0x00000000c0000000, 0x00000000d0d00000, 0x00000000eab00000)
  object space 275456K, 39% used [0x00000000c0000000,0x00000000c6970888,0x00000000d0d00000)
 Metaspace       used 77957K, capacity 81570K, committed 81752K, reserved 1120256K
  class space    used 9931K, capacity 10814K, committed 10880K, reserved 1048576K
}
Event: 568.579 GC heap before
{Heap before GC invocations=27 (full 4):
 PSYoungGen      total 236544K, used 181470K [0x00000000eab00000, 0x00000000ff300000, 0x0000000100000000)
  eden space 153600K, 100% used [0x00000000eab00000,0x00000000f4100000,0x00000000f4100000)
  from space 82944K, 33% used [0x00000000fa200000,0x00000000fbd37950,0x00000000ff300000)
  to   space 91136K, 0% used [0x00000000f4100000,0x00000000f4100000,0x00000000f9a00000)
 ParOldGen       total 275456K, used 107970K [0x00000000c0000000, 0x00000000d0d00000, 0x00000000eab00000)
  object space 275456K, 39% used [0x00000000c0000000,0x00000000c6970888,0x00000000d0d00000)
 Metaspace       used 80304K, capacity 84052K, committed 84312K, reserved 1122304K
  class space    used 10173K, capacity 11105K, committed 11136K, reserved 1048576K
Event: 568.590 GC heap after
Heap after GC invocations=27 (full 4):
 PSYoungGen      total 244736K, used 17306K [0x00000000eab00000, 0x0000000100000000, 0x0000000100000000)
  eden space 153600K, 0% used [0x00000000eab00000,0x00000000eab00000,0x00000000f4100000)
  from space 91136K, 18% used [0x00000000f4100000,0x00000000f51e6a00,0x00000000f9a00000)
  to   space 88576K, 0% used [0x00000000fa980000,0x00000000fa980000,0x0000000100000000)
 ParOldGen       total 275456K, used 107978K [0x00000000c0000000, 0x00000000d0d00000, 0x00000000eab00000)
  object space 275456K, 39% used [0x00000000c0000000,0x00000000c6972888,0x00000000d0d00000)
 Metaspace       used 80304K, capacity 84052K, committed 84312K, reserved 1122304K
  class space    used 10173K, capacity 11105K, committed 11136K, reserved 1048576K
}
Event: 569.451 GC heap before
{Heap before GC invocations=28 (full 4):
 PSYoungGen      total 244736K, used 170906K [0x00000000eab00000, 0x0000000100000000, 0x0000000100000000)
  eden space 153600K, 100% used [0x00000000eab00000,0x00000000f4100000,0x00000000f4100000)
  from space 91136K, 18% used [0x00000000f4100000,0x00000000f51e6a00,0x00000000f9a00000)
  to   space 88576K, 0% used [0x00000000fa980000,0x00000000fa980000,0x0000000100000000)
 ParOldGen       total 275456K, used 107978K [0x00000000c0000000, 0x00000000d0d00000, 0x00000000eab00000)
  object space 275456K, 39% used [0x00000000c0000000,0x00000000c6972888,0x00000000d0d00000)
 Metaspace       used 81514K, capacity 85436K, committed 85592K, reserved 1124352K
  class space    used 10325K, capacity 11279K, committed 11392K, reserved 1048576K
Event: 569.468 GC heap after
Heap after GC invocations=28 (full 4):
 PSYoungGen      total 244224K, used 32174K [0x00000000eab00000, 0x00000000ff280000, 0x0000000100000000)
  eden space 169472K, 0% used [0x00000000eab00000,0x00000000eab00000,0x00000000f5080000)
  from space 74752K, 43% used [0x00000000fa980000,0x00000000fc8eb9d0,0x00000000ff280000)
  to   space 82944K, 0% used [0x00000000f5080000,0x00000000f5080000,0x00000000fa180000)
 ParOldGen       total 275456K, used 107986K [0x00000000c0000000, 0x00000000d0d00000, 0x00000000eab00000)
  object space 275456K, 39% used [0x00000000c0000000,0x00000000c6974888,0x00000000d0d00000)
 Metaspace       used 81514K, capacity 85436K, committed 85592K, reserved 1124352K
  class space    used 10325K, capacity 11279K, committed 11392K, reserved 1048576K
}
Event: 619.638 GC heap before
{Heap before GC invocations=29 (full 4):
 PSYoungGen      total 244224K, used 201646K [0x00000000eab00000, 0x00000000ff280000, 0x0000000100000000)
  eden space 169472K, 100% used [0x00000000eab00000,0x00000000f5080000,0x00000000f5080000)
  from space 74752K, 43% used [0x00000000fa980000,0x00000000fc8eb9d0,0x00000000ff280000)
  to   space 82944K, 0% used [0x00000000f5080000,0x00000000f5080000,0x00000000fa180000)
 ParOldGen       total 275456K, used 107986K [0x00000000c0000000, 0x00000000d0d00000, 0x00000000eab00000)
  object space 275456K, 39% used [0x00000000c0000000,0x00000000c6974888,0x00000000d0d00000)
 Metaspace       used 81805K, capacity 85892K, committed 86104K, reserved 1124352K
  class space    used 10361K, capacity 11343K, committed 11392K, reserved 1048576K
Event: 619.646 GC heap after
Heap after GC invocations=29 (full 4):
 PSYoungGen      total 252416K, used 16544K [0x00000000eab00000, 0x00000000ffe80000, 0x0000000100000000)
  eden space 169472K, 0% used [0x00000000eab00000,0x00000000eab00000,0x00000000f5080000)
  from space 82944K, 19% used [0x00000000f5080000,0x00000000f60a8050,0x00000000fa180000)
  to   space 80384K, 0% used [0x00000000fb000000,0x00000000fb000000,0x00000000ffe80000)
 ParOldGen       total 275456K, used 107994K [0x00000000c0000000, 0x00000000d0d00000, 0x00000000eab00000)
  object space 275456K, 39% used [0x00000000c0000000,0x00000000c6976888,0x00000000d0d00000)
 Metaspace       used 81805K, capacity 85892K, committed 86104K, reserved 1124352K
  class space    used 10361K, capacity 11343K, committed 11392K, reserved 1048576K
}

